[19:15:53] [main/INFO]: Setting user: Player323
[19:15:54] [Client thread/INFO]: LWJGL Version: 2.9.1
[19:15:55] [Client thread/ERROR]: Couldn't initialize twitch stream
[19:16:01] [Client thread/INFO]: Reloading ResourceManager: Default, FMLFileResourcePack:Forge Mod Loader, FMLFileResourcePack:Minecraft Forge, FMLFileResourcePack:Learning Mod
[19:16:02] [Sound Library Loader/INFO]: Sound engine started
[19:16:05] [Client thread/INFO]: Created: 512x256 textures/blocks-atlas
[19:16:06] [Client thread/INFO]: Created: 256x256 textures/items-atlas
[19:16:06] [Client thread/INFO]: Reloading ResourceManager: Default, FMLFileResourcePack:Forge Mod Loader, FMLFileResourcePack:Minecraft Forge, FMLFileResourcePack:Learning Mod
[19:16:06] [Client thread/INFO]: Created: 256x256 textures/items-atlas
[19:16:07] [Client thread/INFO]: Created: 512x256 textures/blocks-atlas
[19:16:08] [Sound Library Loader/INFO]: Sound engine started
[19:16:09] [Client thread/ERROR]: ########## GL ERROR ##########
[19:16:09] [Client thread/ERROR]: @ Post startup
[19:16:09] [Client thread/ERROR]: 1281: Invalid value
[19:16:17] [Server thread/INFO]: Starting integrated minecraft server version 1.7.10
[19:16:17] [Server thread/INFO]: Generating keypair
[19:16:18] [Server thread/INFO]: Preparing start region for level 0
[19:16:19] [Server thread/INFO]: Preparing spawn area: 27%
[19:16:20] [Server thread/INFO]: Preparing spawn area: 74%
[19:16:21] [Server thread/INFO]: Changing view distance to 8, from 10
[19:16:22] [Server thread/INFO]: Player323[local:E:d4cf89e2] logged in with entity id 174 at (-615.4299865347584, 64.0, 255.8206589730852)
[19:16:22] [Server thread/INFO]: Player323 joined the game
[19:16:48] [Server thread/INFO]: Saving and pausing game...
[19:16:48] [Server thread/INFO]: Saving chunks for level 'New World'/Overworld
[19:16:49] [Server thread/INFO]: Saving chunks for level 'New World'/Nether
[19:16:49] [Server thread/INFO]: Saving chunks for level 'New World'/The End
[19:17:14] [Server thread/INFO]: Saving and pausing game...
[19:17:14] [Server thread/INFO]: Saving chunks for level 'New World'/Overworld
[19:17:14] [Server thread/INFO]: Saving chunks for level 'New World'/Nether
[19:17:14] [Server thread/INFO]: Saving chunks for level 'New World'/The End
[19:19:44] [Server thread/INFO]: Saving and pausing game...
[19:19:44] [Server thread/INFO]: Saving chunks for level 'New World'/Overworld
[19:19:44] [Server thread/INFO]: Saving chunks for level 'New World'/Nether
[19:19:44] [Server thread/INFO]: Saving chunks for level 'New World'/The End
[19:20:48] [Server thread/INFO]: Stopping server
[19:20:48] [Server thread/INFO]: Saving players
[19:20:49] [Server thread/INFO]: Saving worlds
[19:20:49] [Server thread/INFO]: Saving chunks for level 'New World'/Overworld
[19:20:49] [Server thread/INFO]: Saving chunks for level 'New World'/Nether
[19:20:49] [Server thread/INFO]: Saving chunks for level 'New World'/The End
[19:20:50] [Client thread/INFO]: Stopping!
